<?xml version="1.0" encoding="utf-8"?>
<TestRun id="ef1a3119-00fc-475c-904e-df93e5491923" name="VALK-DESKTOP@DESKTOP-TCF2VKH 2024-09-17 01:50:14" runUser="DESKTOP-TCF2VKH\VALK-DESKTOP" xmlns="http://microsoft.com/schemas/VisualStudio/TeamTest/2010">
  <Times creation="2024-09-17T01:50:14.0716162-05:00" queuing="2024-09-17T01:50:14.0716162-05:00" start="2024-09-17T01:50:11.6463463-05:00" finish="2024-09-17T01:50:14.0901482-05:00" />
  <TestSettings name="default" id="92506734-2e14-48a8-b1ad-83918e738775">
    <Deployment runDeploymentRoot="VALK-DESKTOP_DESKTOP-TCF2VKH_2024-09-17_01_50_14" />
  </TestSettings>
  <Results>
    <UnitTestResult executionId="13a984e2-ef02-4920-bdf8-ed2fc649505e" testId="bf900ab2-3649-2deb-c1e4-f1209d08b8ca" testName="Test" computerName="DESKTOP-TCF2VKH" duration="00:00:00.0560000" startTime="2024-09-17T01:50:13.8564694-05:00" endTime="2024-09-17T01:50:13.8574416-05:00" testType="13cdc9d9-ddb5-4fa4-a97d-d965ccfc6d4b" outcome="Passed" testListId="8c84fa94-04c1-424b-9868-57a2d4851a1d" relativeResultsDirectory="13a984e2-ef02-4920-bdf8-ed2fc649505e" />
  </Results>
  <TestDefinitions>
    <UnitTest name="Test" storage="c:\users\valk-desktop\documents\_godot projects\template\godotproject\.godot\mono\temp\bin\debug\template.dll" id="bf900ab2-3649-2deb-c1e4-f1209d08b8ca">
      <Execution id="13a984e2-ef02-4920-bdf8-ed2fc649505e" />
      <TestMethod codeBase="C:\USERS\VALK-DESKTOP\DOCUMENTS\_GODOT PROJECTS\TEMPLATE\GODOTPROJECT\.godot\mono\temp\bin\Debug\Template.dll" adapterTypeName="executor://gdunit4.testadapter/" className="ExampleTest" name="Test" />
    </UnitTest>
  </TestDefinitions>
  <TestEntries>
    <TestEntry testId="bf900ab2-3649-2deb-c1e4-f1209d08b8ca" executionId="13a984e2-ef02-4920-bdf8-ed2fc649505e" testListId="8c84fa94-04c1-424b-9868-57a2d4851a1d" />
  </TestEntries>
  <TestLists>
    <TestList name="Results Not in a List" id="8c84fa94-04c1-424b-9868-57a2d4851a1d" />
    <TestList name="All Loaded Results" id="19431567-8539-422a-85d7-44ee4e166bda" />
  </TestLists>
  <ResultSummary outcome="Completed">
    <Counters total="1" executed="1" passed="1" failed="0" error="0" timeout="0" aborted="0" inconclusive="0" passedButRunAborted="0" notRunnable="0" notExecuted="0" disconnected="0" warning="0" completed="0" inProgress="0" pending="0" />
    <Output>
      <StdOut>CheckGdUnit4ApiVersion gdUnit4Api, Version=4.3.1.0&#xD;
Start executing tests, 1 TestCases total.&#xD;
Current directory set to: C:\USERS\VALK-DESKTOP\DOCUMENTS\_GODOT PROJECTS\TEMPLATE\GODOTPROJECT&#xD;
Run with args  --path . res://gdunit4_testadapter/TestAdapterRunner.tscn --testadapter --configfile="C:\USERS\VALK-DESKTOP\DOCUMENTS\_GODOT PROJECTS\TEMPLATE\GODOTPROJECT\GdUnitRunner_b71c0261-6196-41c4-92bd-e6fe65a9c8f6.cfg" &#xD;
TestEventReportServer:: Wait for connecting GdUnit4 test report client.&#xD;
TestEventReportServer:: TestAdapterReporter: Successfully connected to GdUnit4 test report server!&#xD;
TestEventReportServer:: TestAdapterReporter: Disconnecting from GdUnit4 test report server.&#xD;
Godot ends with exit code: 0&#xD;
Run TestRunner ends with 0&#xD;
</StdOut>
    </Output>
  </ResultSummary>
</TestRun>